<?xml version="1.0" encoding="UTF-8"?>
<robot generator="Robot 4.1.3 (Python 3.8.10 on linux)" generated="20231101 22:25:12.078" rpa="false" schemaversion="2">
<suite id="s1" name="Crm" source="/home/mahshid/Desktop/sampleProjects/automation-test/Tests/Crm.robot">
<test id="s1-t1" name="Open FreeCodeCamp, Sign In, and Open News Page">
<kw name="Open Browser" library="SeleniumLibrary">
<arg>https://www.freecodecamp.org/</arg>
<arg>chrome</arg>
<doc>Opens a new browser instance to the optional ``url``.</doc>
<msg timestamp="20231101 22:25:12.194" level="INFO">Opening browser 'chrome' to base url 'https://www.freecodecamp.org/'.</msg>
<status status="PASS" starttime="20231101 22:25:12.194" endtime="20231101 22:25:19.411"/>
</kw>
<kw name="Maximize Browser Window" library="SeleniumLibrary">
<doc>Maximizes current browser window.</doc>
<status status="PASS" starttime="20231101 22:25:19.412" endtime="20231101 22:25:19.518"/>
</kw>
<kw name="Wait Until Page Contains Element" library="SeleniumLibrary">
<arg>xpath=//button[@id='toggle-button-nav']</arg>
<doc>Waits until the element ``locator`` appears on the current page.</doc>
<status status="PASS" starttime="20231101 22:25:19.519" endtime="20231101 22:25:19.558"/>
</kw>
<kw name="Click Element" library="SeleniumLibrary">
<arg>xpath=//button[@id='toggle-button-nav']</arg>
<doc>Click the element identified by ``locator``.</doc>
<msg timestamp="20231101 22:25:19.558" level="INFO">Clicking element 'xpath=//button[@id='toggle-button-nav']'.</msg>
<status status="PASS" starttime="20231101 22:25:19.558" endtime="20231101 22:25:19.614"/>
</kw>
<kw name="Sleep" library="BuiltIn">
<arg>5s</arg>
<doc>Pauses the test executed for the given time.</doc>
<msg timestamp="20231101 22:25:24.615" level="INFO">Slept 5 seconds</msg>
<status status="PASS" starttime="20231101 22:25:19.614" endtime="20231101 22:25:24.615"/>
</kw>
<kw name="Execute Javascript" library="SeleniumLibrary">
<arg>document.querySelector("a[href*='news']").click()</arg>
<doc>Executes the given JavaScript code with possible arguments.</doc>
<msg timestamp="20231101 22:25:24.618" level="INFO">Executing JavaScript:
document.querySelector("a[href*='news']").click()
Without any arguments.</msg>
<status status="PASS" starttime="20231101 22:25:24.616" endtime="20231101 22:25:24.672"/>
</kw>
<kw name="Close Browser" library="SeleniumLibrary" type="TEARDOWN">
<doc>Closes the current browser.</doc>
<status status="PASS" starttime="20231101 22:25:24.673" endtime="20231101 22:25:24.782"/>
</kw>
<doc>Test for opening FreeCodeCamp, signing in, clicking "News," and opening the news page.</doc>
<tag>Smoke</tag>
<status status="PASS" starttime="20231101 22:25:12.193" endtime="20231101 22:25:24.783"/>
</test>
<kw name="Close All Browsers" library="SeleniumLibrary" type="TEARDOWN">
<doc>Closes all open browsers and resets the browser cache.</doc>
<status status="PASS" starttime="20231101 22:25:24.784" endtime="20231101 22:25:24.785"/>
</kw>
<status status="PASS" starttime="20231101 22:25:12.079" endtime="20231101 22:25:24.785"/>
</suite>
<statistics>
<total>
<stat pass="1" fail="0" skip="0">All Tests</stat>
</total>
<tag>
<stat pass="1" fail="0" skip="0">Smoke</stat>
</tag>
<suite>
<stat pass="1" fail="0" skip="0" id="s1" name="Crm">Crm</stat>
</suite>
</statistics>
<errors>
</errors>
</robot>
