<?xml version="1.0" encoding="UTF-8"?>
<robot generator="Robot 4.1.3 (Python 3.8.10 on linux)" generated="20231102 17:49:47.224" rpa="false" schemaversion="2">
<suite id="s1" name="Main" source="/home/mahshid/Desktop/sampleProjects/automation-test/Tests/main.robot">
<test id="s1-t1" name="Open FreeCodeCamp, Sign In, and Open News Page">
<kw name="Begin web test" library="common">
<kw name="Open Browser" library="SeleniumLibrary">
<arg>https://www.freecodecamp.org/</arg>
<arg>chrome</arg>
<doc>Opens a new browser instance to the optional ``url``.</doc>
<msg timestamp="20231102 17:49:47.337" level="INFO">Opening browser 'chrome' to base url 'https://www.freecodecamp.org/'.</msg>
<status status="PASS" starttime="20231102 17:49:47.337" endtime="20231102 17:49:55.428"/>
</kw>
<kw name="Maximize Browser Window" library="SeleniumLibrary">
<doc>Maximizes current browser window.</doc>
<status status="PASS" starttime="20231102 17:49:55.429" endtime="20231102 17:49:55.536"/>
</kw>
<kw name="Sleep" library="BuiltIn">
<arg>5s</arg>
<doc>Pauses the test executed for the given time.</doc>
<msg timestamp="20231102 17:50:00.536" level="INFO">Slept 5 seconds</msg>
<status status="PASS" starttime="20231102 17:49:55.536" endtime="20231102 17:50:00.537"/>
</kw>
<status status="PASS" starttime="20231102 17:49:47.337" endtime="20231102 17:50:00.538"/>
</kw>
<kw name="verify the news item" library="menu">
<kw name="Wait Until Page Contains Element" library="SeleniumLibrary">
<arg>xpath=//button[@id='toggle-button-nav']</arg>
<doc>Waits until the element ``locator`` appears on the current page.</doc>
<status status="PASS" starttime="20231102 17:50:00.540" endtime="20231102 17:50:00.587"/>
</kw>
<status status="PASS" starttime="20231102 17:50:00.539" endtime="20231102 17:50:00.587"/>
</kw>
<kw name="Click on menu item" library="menu">
<doc>Opening menu item</doc>
<kw name="Click Element" library="SeleniumLibrary">
<arg>xpath=//button[@id='toggle-button-nav']</arg>
<doc>Click the element identified by ``locator``.</doc>
<msg timestamp="20231102 17:50:00.589" level="INFO">Clicking element 'xpath=//button[@id='toggle-button-nav']'.</msg>
<status status="PASS" starttime="20231102 17:50:00.588" endtime="20231102 17:50:00.642"/>
</kw>
<kw name="Execute Javascript" library="SeleniumLibrary">
<arg>document.querySelector("a[href*='news']").click()</arg>
<doc>Executes the given JavaScript code with possible arguments.</doc>
<msg timestamp="20231102 17:50:00.642" level="INFO">Executing JavaScript:
document.querySelector("a[href*='news']").click()
Without any arguments.</msg>
<status status="PASS" starttime="20231102 17:50:00.642" endtime="20231102 17:50:00.663"/>
</kw>
<kw name="Sleep" library="BuiltIn">
<arg>3s</arg>
<doc>Pauses the test executed for the given time.</doc>
<msg timestamp="20231102 17:50:03.664" level="INFO">Slept 3 seconds</msg>
<status status="PASS" starttime="20231102 17:50:00.663" endtime="20231102 17:50:03.664"/>
</kw>
<status status="PASS" starttime="20231102 17:50:00.588" endtime="20231102 17:50:03.665"/>
</kw>
<kw name="Click on news item of menu" library="news">
<doc>Opening news item</doc>
<kw name="Execute Javascript" library="SeleniumLibrary">
<arg>document.querySelector("a[href*='news']").click()</arg>
<doc>Executes the given JavaScript code with possible arguments.</doc>
<msg timestamp="20231102 17:50:03.667" level="INFO">Executing JavaScript:
document.querySelector("a[href*='news']").click()
Without any arguments.</msg>
<status status="PASS" starttime="20231102 17:50:03.666" endtime="20231102 17:50:03.706"/>
</kw>
<status status="PASS" starttime="20231102 17:50:03.665" endtime="20231102 17:50:03.706"/>
</kw>
<kw name="Close Browser" library="SeleniumLibrary" type="TEARDOWN">
<doc>Closes the current browser.</doc>
<status status="PASS" starttime="20231102 17:50:03.706" endtime="20231102 17:50:03.767"/>
</kw>
<doc>Test for opening FreeCodeCamp, signing in, clicking "News," and opening the news page.</doc>
<tag>Test</tag>
<status status="PASS" starttime="20231102 17:49:47.336" endtime="20231102 17:50:03.767"/>
</test>
<kw name="Close All Browsers" library="SeleniumLibrary" type="TEARDOWN">
<doc>Closes all open browsers and resets the browser cache.</doc>
<status status="PASS" starttime="20231102 17:50:03.768" endtime="20231102 17:50:03.768"/>
</kw>
<status status="PASS" starttime="20231102 17:49:47.224" endtime="20231102 17:50:03.768"/>
</suite>
<statistics>
<total>
<stat pass="1" fail="0" skip="0">All Tests</stat>
</total>
<tag>
<stat pass="1" fail="0" skip="0">Test</stat>
</tag>
<suite>
<stat pass="1" fail="0" skip="0" id="s1" name="Main">Main</stat>
</suite>
</statistics>
<errors>
</errors>
</robot>
